{
  "stats": {
    "suites": 2,
    "tests": 4,
    "passes": 4,
    "pending": 0,
    "failures": 0,
    "start": "2022-09-27T19:28:38.576Z",
    "end": "2022-09-27T19:28:41.127Z",
    "duration": 2551,
    "testsRegistered": 4,
    "passPercent": 100,
    "pendingPercent": 0,
    "other": 0,
    "hasOther": false,
    "skipped": 0,
    "hasSkipped": false
  },
  "results": [
    {
      "uuid": "7a8f7ec6-739e-48e8-9245-f465f279c98c",
      "title": "",
      "fullFile": "cypress/integration/4.carrinhos.spec.js",
      "file": "cypress/integration/4.carrinhos.spec.js",
      "beforeHooks": [],
      "afterHooks": [],
      "tests": [],
      "suites": [
        {
          "uuid": "0bfba74f-e80d-44f7-9815-773bea0b9016",
          "title": "Casos de teste sobre a rota /carrinhos da API Serverest",
          "fullFile": "",
          "file": "",
          "beforeHooks": [],
          "afterHooks": [],
          "tests": [
            {
              "title": "Deve listar todos os carrinhos cadastrados",
              "fullTitle": "Casos de teste sobre a rota /carrinhos da API Serverest Deve listar todos os carrinhos cadastrados",
              "timedOut": null,
              "duration": 299,
              "state": "passed",
              "speed": "fast",
              "pass": true,
              "fail": false,
              "pending": false,
              "context": null,
              "code": "_serverest.default.buscarCarrinhos().then(res => {\n  cy.contractValidation(res, 'get-carrinhos', 200);\n  _validaServerest.default.validarBuscaDeCarrinhos(res);\n});",
              "err": {},
              "uuid": "773aeb26-5a87-4d98-823d-7719ccc463ea",
              "parentUUID": "0bfba74f-e80d-44f7-9815-773bea0b9016",
              "isHook": false,
              "skipped": false
            }
          ],
          "suites": [],
          "passes": [
            "773aeb26-5a87-4d98-823d-7719ccc463ea"
          ],
          "failures": [],
          "pending": [],
          "skipped": [],
          "duration": 299,
          "root": false,
          "rootEmpty": false,
          "_timeout": 2000
        },
        {
          "uuid": "251c48f1-c743-4858-b90d-bf57c9819a89",
          "title": "Logar com sucesso",
          "fullFile": "",
          "file": "",
          "beforeHooks": [],
          "afterHooks": [],
          "tests": [
            {
              "title": "Deve cadastrar um carrinho com sucesso ",
              "fullTitle": "Logar com sucesso Deve cadastrar um carrinho com sucesso ",
              "timedOut": null,
              "duration": 720,
              "state": "passed",
              "speed": "fast",
              "pass": true,
              "fail": false,
              "pending": false,
              "context": null,
              "code": "_serverest.default.cadastrarCarrinhoComSucesso().then(res => {\n  cy.contractValidation(res, 'post-carrinhos', 201);\n  expect(res.body.message).to.be.equal('Cadastro realizado com sucesso');\n});",
              "err": {},
              "uuid": "ee9c7acd-6a82-4b39-b0b8-41cb8f1dcf31",
              "parentUUID": "251c48f1-c743-4858-b90d-bf57c9819a89",
              "isHook": false,
              "skipped": false
            },
            {
              "title": "Deve excluir um carrinho com sucesso e concluir compra ",
              "fullTitle": "Logar com sucesso Deve excluir um carrinho com sucesso e concluir compra ",
              "timedOut": null,
              "duration": 723,
              "state": "passed",
              "speed": "fast",
              "pass": true,
              "fail": false,
              "pending": false,
              "context": null,
              "code": "//Codigo desenvolvido com a ajuda do João/Vinicius\n_serverest.default.concluirCompra().then(res => {\n  cy.contractValidation(res, 'delete-carrinhos-concluir-compra', 200);\n  expect(res.body.message).to.be.equal('Registro excluído com sucesso'); //validação da mensagem coloquei direto aqui\n});",
              "err": {},
              "uuid": "492e922c-2239-47ed-9ea0-81fa50be6312",
              "parentUUID": "251c48f1-c743-4858-b90d-bf57c9819a89",
              "isHook": false,
              "skipped": false
            },
            {
              "title": "Deve tentar cadastrar um carrinho com produto duplicado, sem sucesso ",
              "fullTitle": "Logar com sucesso Deve tentar cadastrar um carrinho com produto duplicado, sem sucesso ",
              "timedOut": null,
              "duration": 731,
              "state": "passed",
              "speed": "fast",
              "pass": true,
              "fail": false,
              "pending": false,
              "context": null,
              "code": "_serverest.default.cadastrarCarrinhoComProdutoDuplicado().then(res => {\n  cy.contractValidation(res, 'post-carrinhos', 400);\n  expect(res.body.message).to.be.equal('Não é permitido possuir produto duplicado');\n});",
              "err": {},
              "uuid": "16381455-f590-4fea-bbe0-4ad117b4d31e",
              "parentUUID": "251c48f1-c743-4858-b90d-bf57c9819a89",
              "isHook": false,
              "skipped": false
            }
          ],
          "suites": [],
          "passes": [
            "ee9c7acd-6a82-4b39-b0b8-41cb8f1dcf31",
            "492e922c-2239-47ed-9ea0-81fa50be6312",
            "16381455-f590-4fea-bbe0-4ad117b4d31e"
          ],
          "failures": [],
          "pending": [],
          "skipped": [],
          "duration": 2174,
          "root": false,
          "rootEmpty": false,
          "_timeout": 2000
        }
      ],
      "passes": [],
      "failures": [],
      "pending": [],
      "skipped": [],
      "duration": 0,
      "root": true,
      "rootEmpty": true,
      "_timeout": 2000
    }
  ],
  "meta": {
    "mocha": {
      "version": "7.0.1"
    },
    "mochawesome": {
      "options": {
        "quiet": false,
        "reportFilename": "mochawesome",
        "saveHtml": false,
        "saveJson": true,
        "consoleReporter": "spec",
        "useInlineDiffs": false,
        "code": true
      },
      "version": "7.1.3"
    },
    "marge": {
      "options": {
        "id": "default",
        "reportDir": "cypress/reports/mocha",
        "quite": true,
        "overwrite": false,
        "html": false,
        "json": true
      },
      "version": "6.2.0"
    }
  }
}