{
  "stats": {
    "suites": 2,
    "tests": 1,
    "passes": 0,
    "pending": 0,
    "failures": 1,
    "start": "2022-09-13T20:52:17.003Z",
    "end": "2022-09-13T20:52:18.366Z",
    "duration": 1363,
    "testsRegistered": 1,
    "passPercent": 0,
    "pendingPercent": 0,
    "other": 0,
    "hasOther": false,
    "skipped": 0,
    "hasSkipped": false
  },
  "results": [
    {
      "uuid": "96139943-d2bc-4d7b-a845-4a5f9da70264",
      "title": "",
      "fullFile": "cypress/integration/5.nao-mapeado.js",
      "file": "cypress/integration/5.nao-mapeado.js",
      "beforeHooks": [],
      "afterHooks": [],
      "tests": [],
      "suites": [
        {
          "uuid": "8880f35d-8adb-4b6d-bff3-0c729517551a",
          "title": "Casos de teste não mapeado na documentação da API Serverest",
          "fullFile": "",
          "file": "",
          "beforeHooks": [],
          "afterHooks": [],
          "tests": [],
          "suites": [
            {
              "uuid": "7fe41a9c-74a6-412e-b517-21834d72fa70",
              "title": "Logar com sucesso",
              "fullFile": "",
              "file": "",
              "beforeHooks": [],
              "afterHooks": [],
              "tests": [
                {
                  "title": "Deve tentar cadastrar um produto com valor negativo, sem sucesso,",
                  "fullTitle": "Casos de teste não mapeado na documentação da API Serverest Logar com sucesso Deve tentar cadastrar um produto com valor negativo, sem sucesso,",
                  "timedOut": null,
                  "duration": 1248,
                  "state": "failed",
                  "speed": null,
                  "pass": false,
                  "fail": true,
                  "pending": false,
                  "context": null,
                  "code": "//não esta mapeado\n_serverest.default.cadastrarProdutoSemSucesso().then(res => {\n  //retorna 401 undefined\n  _validaServerest.default.validarCadastroDeProdutosSemSucesso(res); //as vezes retorna 403 entao da erro \n  //na validação da mensagem\n});",
                  "err": {
                    "message": "AssertionError: expected undefined to equal 'preco deve ser um número positivo'",
                    "estack": "AssertionError: expected undefined to equal 'preco deve ser um número positivo'\n    at Function.validarCadastroDeProdutosSemSucesso (https://serverest.dev/__cypress/tests?p=cypress\\integration\\5.nao-mapeado.js:391:41)\n    at Context.eval (https://serverest.dev/__cypress/tests?p=cypress\\integration\\5.nao-mapeado.js:195:34)",
                    "diff": null
                  },
                  "uuid": "7a8c5161-9e56-4823-b2cf-4502fc6c59e1",
                  "parentUUID": "7fe41a9c-74a6-412e-b517-21834d72fa70",
                  "isHook": false,
                  "skipped": false
                }
              ],
              "suites": [],
              "passes": [],
              "failures": [
                "7a8c5161-9e56-4823-b2cf-4502fc6c59e1"
              ],
              "pending": [],
              "skipped": [],
              "duration": 1248,
              "root": false,
              "rootEmpty": false,
              "_timeout": 2000
            }
          ],
          "passes": [],
          "failures": [],
          "pending": [],
          "skipped": [],
          "duration": 0,
          "root": false,
          "rootEmpty": false,
          "_timeout": 2000
        }
      ],
      "passes": [],
      "failures": [],
      "pending": [],
      "skipped": [],
      "duration": 0,
      "root": true,
      "rootEmpty": true,
      "_timeout": 2000
    }
  ],
  "meta": {
    "mocha": {
      "version": "7.0.1"
    },
    "mochawesome": {
      "options": {
        "quiet": false,
        "reportFilename": "mochawesome",
        "saveHtml": false,
        "saveJson": true,
        "consoleReporter": "spec",
        "useInlineDiffs": false,
        "code": true
      },
      "version": "7.1.3"
    },
    "marge": {
      "options": {
        "id": "default",
        "reportDir": "cypress/reports/mocha",
        "quite": true,
        "overwrite": false,
        "html": false,
        "json": true
      },
      "version": "6.2.0"
    }
  }
}