{
  "stats": {
    "suites": 2,
    "tests": 4,
    "passes": 4,
    "pending": 0,
    "failures": 0,
    "start": "2022-09-13T20:52:04.576Z",
    "end": "2022-09-13T20:52:07.061Z",
    "duration": 2485,
    "testsRegistered": 4,
    "passPercent": 100,
    "pendingPercent": 0,
    "other": 0,
    "hasOther": false,
    "skipped": 0,
    "hasSkipped": false
  },
  "results": [
    {
      "uuid": "1fffa2d3-b0a5-4b6e-ba90-7e962a1c941e",
      "title": "",
      "fullFile": "cypress/integration/4.carrinhos.spec.js",
      "file": "cypress/integration/4.carrinhos.spec.js",
      "beforeHooks": [],
      "afterHooks": [],
      "tests": [],
      "suites": [
        {
          "uuid": "5a8fe67d-7878-4bab-889d-100ef707a279",
          "title": "Casos de teste sobre a rota /carrinhos da API Serverest",
          "fullFile": "",
          "file": "",
          "beforeHooks": [],
          "afterHooks": [],
          "tests": [
            {
              "title": "Deve listar todos os carrinhos cadastrados",
              "fullTitle": "Casos de teste sobre a rota /carrinhos da API Serverest Deve listar todos os carrinhos cadastrados",
              "timedOut": null,
              "duration": 365,
              "state": "passed",
              "speed": "fast",
              "pass": true,
              "fail": false,
              "pending": false,
              "context": null,
              "code": "_serverest.default.buscarCarrinhos().then(res => {\n  cy.contractValidation(res, 'get-carrinhos', 200);\n  _validaServerest.default.validarBuscaDeCarrinhos(res);\n});",
              "err": {},
              "uuid": "1b9eb6ac-47e6-4584-b1bd-c7700042ac57",
              "parentUUID": "5a8fe67d-7878-4bab-889d-100ef707a279",
              "isHook": false,
              "skipped": false
            }
          ],
          "suites": [],
          "passes": [
            "1b9eb6ac-47e6-4584-b1bd-c7700042ac57"
          ],
          "failures": [],
          "pending": [],
          "skipped": [],
          "duration": 365,
          "root": false,
          "rootEmpty": false,
          "_timeout": 2000
        },
        {
          "uuid": "9e1064d2-e447-45d6-b98b-9149895c2daa",
          "title": "Logar com sucesso",
          "fullFile": "",
          "file": "",
          "beforeHooks": [],
          "afterHooks": [],
          "tests": [
            {
              "title": "Deve cadastrar um carrinho com sucesso ",
              "fullTitle": "Logar com sucesso Deve cadastrar um carrinho com sucesso ",
              "timedOut": null,
              "duration": 718,
              "state": "passed",
              "speed": "fast",
              "pass": true,
              "fail": false,
              "pending": false,
              "context": null,
              "code": "_serverest.default.cadastrarCarrinhoComSucesso().then(res => {\n  cy.contractValidation(res, 'post-carrinhos', 201);\n  expect(res.body.message).to.be.equal('Cadastro realizado com sucesso');\n});",
              "err": {},
              "uuid": "d4192106-3019-40b0-b951-5734b0f1d7fa",
              "parentUUID": "9e1064d2-e447-45d6-b98b-9149895c2daa",
              "isHook": false,
              "skipped": false
            },
            {
              "title": "Deve excluir um carrinho com sucesso e concluir compra ",
              "fullTitle": "Logar com sucesso Deve excluir um carrinho com sucesso e concluir compra ",
              "timedOut": null,
              "duration": 691,
              "state": "passed",
              "speed": "fast",
              "pass": true,
              "fail": false,
              "pending": false,
              "context": null,
              "code": "//Codigo desenvolvido com a ajuda do João/Vinicius\n_serverest.default.concluirCompra().then(res => {\n  cy.contractValidation(res, 'delete-carrinhos-concluir-compra', 200);\n  expect(res.body.message).to.be.equal('Registro excluído com sucesso'); //validação da mensagem coloquei direto aqui\n});",
              "err": {},
              "uuid": "a2deb4ba-bedd-47a3-8a69-389ca8e754a4",
              "parentUUID": "9e1064d2-e447-45d6-b98b-9149895c2daa",
              "isHook": false,
              "skipped": false
            },
            {
              "title": "Deve excluir um carrinho com sucesso e retornar produto para estoque ",
              "fullTitle": "Logar com sucesso Deve excluir um carrinho com sucesso e retornar produto para estoque ",
              "timedOut": null,
              "duration": 655,
              "state": "passed",
              "speed": "fast",
              "pass": true,
              "fail": false,
              "pending": false,
              "context": null,
              "code": "//Codigo desenvolvido com a ajuda do João/Vinicius\n_serverest.default.cancelarCompra().then(res => {\n  cy.contractValidation(res, 'delete-carrinhos-cancelar-compra', 200);\n  expect(res.body.message).to.be.equal('Não foi encontrado carrinho para esse usuário');\n});",
              "err": {},
              "uuid": "e51f9ce2-4fb9-4329-b6b3-19f2c967126f",
              "parentUUID": "9e1064d2-e447-45d6-b98b-9149895c2daa",
              "isHook": false,
              "skipped": false
            }
          ],
          "suites": [],
          "passes": [
            "d4192106-3019-40b0-b951-5734b0f1d7fa",
            "a2deb4ba-bedd-47a3-8a69-389ca8e754a4",
            "e51f9ce2-4fb9-4329-b6b3-19f2c967126f"
          ],
          "failures": [],
          "pending": [],
          "skipped": [],
          "duration": 2064,
          "root": false,
          "rootEmpty": false,
          "_timeout": 2000
        }
      ],
      "passes": [],
      "failures": [],
      "pending": [],
      "skipped": [],
      "duration": 0,
      "root": true,
      "rootEmpty": true,
      "_timeout": 2000
    }
  ],
  "meta": {
    "mocha": {
      "version": "7.0.1"
    },
    "mochawesome": {
      "options": {
        "quiet": false,
        "reportFilename": "mochawesome",
        "saveHtml": false,
        "saveJson": true,
        "consoleReporter": "spec",
        "useInlineDiffs": false,
        "code": true
      },
      "version": "7.1.3"
    },
    "marge": {
      "options": {
        "id": "default",
        "reportDir": "cypress/reports/mocha",
        "quite": true,
        "overwrite": false,
        "html": false,
        "json": true
      },
      "version": "6.2.0"
    }
  }
}