{
  "stats": {
    "suites": 1,
    "tests": 2,
    "passes": 1,
    "pending": 0,
    "failures": 1,
    "start": "2022-09-27T19:28:09.724Z",
    "end": "2022-09-27T19:28:12.088Z",
    "duration": 2364,
    "testsRegistered": 2,
    "passPercent": 50,
    "pendingPercent": 0,
    "other": 0,
    "hasOther": false,
    "skipped": 0,
    "hasSkipped": false
  },
  "results": [
    {
      "uuid": "d4eb206d-c800-48c8-bec2-aacc6a81eddc",
      "title": "",
      "fullFile": "cypress/integration/1.login.spec.js",
      "file": "cypress/integration/1.login.spec.js",
      "beforeHooks": [],
      "afterHooks": [],
      "tests": [],
      "suites": [
        {
          "uuid": "cdf14d21-2d13-4150-820b-d3bcfcc4bae5",
          "title": "Casos de teste sobre a rota /login da API Serverest",
          "fullFile": "",
          "file": "",
          "beforeHooks": [],
          "afterHooks": [],
          "tests": [
            {
              "title": "Deve realizar login com sucesso",
              "fullTitle": "Casos de teste sobre a rota /login da API Serverest Deve realizar login com sucesso",
              "timedOut": null,
              "duration": 1314,
              "state": "passed",
              "speed": "fast",
              "pass": true,
              "fail": false,
              "pending": false,
              "context": null,
              "code": "_serverest.default.buscarUsuarioParaLogin();\ncy.get('@usuarioLogin').then(usuario => {\n  _serverest.default.logar(usuario).then(res => {\n    _validaServerest.default.validarLoginComSucesso(res);\n    cy.contractValidation(res, 'post-login', 200);\n    _serverest.default.salvarBearer(res);\n  });\n});",
              "err": {},
              "uuid": "95f8b182-68a0-40c0-b051-566038f09eb5",
              "parentUUID": "cdf14d21-2d13-4150-820b-d3bcfcc4bae5",
              "isHook": false,
              "skipped": false
            },
            {
              "title": "Não deve realizar login com email invalido ",
              "fullTitle": "Casos de teste sobre a rota /login da API Serverest Não deve realizar login com email invalido ",
              "timedOut": null,
              "duration": 909,
              "state": "failed",
              "speed": null,
              "pass": false,
              "fail": true,
              "pending": false,
              "context": null,
              "code": "cy.logarEmailInvalido().then(res => {\n  cy.contractValidation(res, 'post-login', 400); // aqui tem bug na documentação esta 400, porem retorna um 401\n  _validaServerest.default.validarLoginComEmailsInvalido(res);\n});",
              "err": {
                "message": "AssertionError: expected 401 to equal 400",
                "estack": "AssertionError: expected 401 to equal 400\n    at Function.validarLoginComEmailsInvalido (https://serverest.dev/__cypress/tests?p=cypress\\integration\\1.login.spec.js:466:32)\n    at Context.eval (https://serverest.dev/__cypress/tests?p=cypress\\integration\\1.login.spec.js:193:32)",
                "diff": "- 401\n+ 400\n"
              },
              "uuid": "afc2c9a7-6f10-42f4-8593-6458cbe88c5d",
              "parentUUID": "cdf14d21-2d13-4150-820b-d3bcfcc4bae5",
              "isHook": false,
              "skipped": false
            }
          ],
          "suites": [],
          "passes": [
            "95f8b182-68a0-40c0-b051-566038f09eb5"
          ],
          "failures": [
            "afc2c9a7-6f10-42f4-8593-6458cbe88c5d"
          ],
          "pending": [],
          "skipped": [],
          "duration": 2223,
          "root": false,
          "rootEmpty": false,
          "_timeout": 2000
        }
      ],
      "passes": [],
      "failures": [],
      "pending": [],
      "skipped": [],
      "duration": 0,
      "root": true,
      "rootEmpty": true,
      "_timeout": 2000
    }
  ],
  "meta": {
    "mocha": {
      "version": "7.0.1"
    },
    "mochawesome": {
      "options": {
        "quiet": false,
        "reportFilename": "mochawesome",
        "saveHtml": false,
        "saveJson": true,
        "consoleReporter": "spec",
        "useInlineDiffs": false,
        "code": true
      },
      "version": "7.1.3"
    },
    "marge": {
      "options": {
        "id": "default",
        "reportDir": "cypress/reports/mocha",
        "quite": true,
        "overwrite": false,
        "html": false,
        "json": true
      },
      "version": "6.2.0"
    }
  }
}