{
  "stats": {
    "suites": 2,
    "tests": 2,
    "passes": 2,
    "pending": 0,
    "failures": 0,
    "start": "2022-09-12T13:47:55.501Z",
    "end": "2022-09-12T13:47:56.439Z",
    "duration": 938,
    "testsRegistered": 2,
    "passPercent": 100,
    "pendingPercent": 0,
    "other": 0,
    "hasOther": false,
    "skipped": 0,
    "hasSkipped": false
  },
  "results": [
    {
      "uuid": "866eb434-15da-48da-8e20-322296167753",
      "title": "",
      "fullFile": "cypress/integration/5.nao-mapeado.js",
      "file": "cypress/integration/5.nao-mapeado.js",
      "beforeHooks": [],
      "afterHooks": [],
      "tests": [],
      "suites": [
        {
          "uuid": "05c6bd79-8fd7-491b-9b82-7dc8e912f823",
          "title": "Casos de teste não mapeado na documentação da API Serverest",
          "fullFile": "",
          "file": "",
          "beforeHooks": [],
          "afterHooks": [],
          "tests": [
            {
              "title": "Não deve realizar login sem email ",
              "fullTitle": "Casos de teste não mapeado na documentação da API Serverest Não deve realizar login sem email ",
              "timedOut": null,
              "duration": 257,
              "state": "passed",
              "speed": "fast",
              "pass": true,
              "fail": false,
              "pending": false,
              "context": null,
              "code": "//eu  //sem documentaçao swagger\ncy.logarSemEmail().then(res => {\n  _validaServerest.default.validarLoginSemEmail(res);\n});",
              "err": {},
              "uuid": "92d291c2-3e57-4a89-8c36-4e74a4502d0b",
              "parentUUID": "05c6bd79-8fd7-491b-9b82-7dc8e912f823",
              "isHook": false,
              "skipped": false
            }
          ],
          "suites": [
            {
              "uuid": "187b8525-b7c9-4b33-ac68-6b80fb88751f",
              "title": "Logar com sucesso",
              "fullFile": "",
              "file": "",
              "beforeHooks": [],
              "afterHooks": [],
              "tests": [
                {
                  "title": "Deve tentar cadastrar um produto com valor negativo, sem sucesso,",
                  "fullTitle": "Casos de teste não mapeado na documentação da API Serverest Logar com sucesso Deve tentar cadastrar um produto com valor negativo, sem sucesso,",
                  "timedOut": null,
                  "duration": 649,
                  "state": "passed",
                  "speed": "fast",
                  "pass": true,
                  "fail": false,
                  "pending": false,
                  "context": null,
                  "code": "//não esta mapeado\n_serverest.default.cadastrarProdutoSemSucesso().then(res => {\n  //retorna 401 undefined\n  _validaServerest.default.validarCadastroDeProdutosSemSucesso(res); //as vezes retorna 403 entao da erro \n  //na validação da mensagem\n});",
                  "err": {},
                  "uuid": "6440a13a-1605-4ccc-b412-9504c76a9080",
                  "parentUUID": "187b8525-b7c9-4b33-ac68-6b80fb88751f",
                  "isHook": false,
                  "skipped": false
                }
              ],
              "suites": [],
              "passes": [
                "6440a13a-1605-4ccc-b412-9504c76a9080"
              ],
              "failures": [],
              "pending": [],
              "skipped": [],
              "duration": 649,
              "root": false,
              "rootEmpty": false,
              "_timeout": 2000
            }
          ],
          "passes": [
            "92d291c2-3e57-4a89-8c36-4e74a4502d0b"
          ],
          "failures": [],
          "pending": [],
          "skipped": [],
          "duration": 257,
          "root": false,
          "rootEmpty": false,
          "_timeout": 2000
        }
      ],
      "passes": [],
      "failures": [],
      "pending": [],
      "skipped": [],
      "duration": 0,
      "root": true,
      "rootEmpty": true,
      "_timeout": 2000
    }
  ],
  "meta": {
    "mocha": {
      "version": "7.0.1"
    },
    "mochawesome": {
      "options": {
        "quiet": false,
        "reportFilename": "mochawesome",
        "saveHtml": false,
        "saveJson": true,
        "consoleReporter": "spec",
        "useInlineDiffs": false,
        "code": true
      },
      "version": "7.1.3"
    },
    "marge": {
      "options": {
        "id": "default",
        "reportDir": "cypress/reports/mocha",
        "quite": true,
        "overwrite": false,
        "html": false,
        "json": true
      },
      "version": "6.2.0"
    }
  }
}