{
  "stats": {
    "suites": 2,
    "tests": 4,
    "passes": 4,
    "pending": 0,
    "failures": 0,
    "start": "2022-09-12T13:47:47.547Z",
    "end": "2022-09-12T13:47:49.994Z",
    "duration": 2447,
    "testsRegistered": 4,
    "passPercent": 100,
    "pendingPercent": 0,
    "other": 0,
    "hasOther": false,
    "skipped": 0,
    "hasSkipped": false
  },
  "results": [
    {
      "uuid": "cd508b29-06f5-4d00-a251-79510dc5f184",
      "title": "",
      "fullFile": "cypress/integration/4.carrinhos.spec.js",
      "file": "cypress/integration/4.carrinhos.spec.js",
      "beforeHooks": [],
      "afterHooks": [],
      "tests": [],
      "suites": [
        {
          "uuid": "6d4aa2a5-ed56-4063-9e11-9f0cc4ae590e",
          "title": "Casos de teste sobre a rota /carrinhos da API Serverest",
          "fullFile": "",
          "file": "",
          "beforeHooks": [],
          "afterHooks": [],
          "tests": [
            {
              "title": "Deve listar todos os carrinhos cadastrados",
              "fullTitle": "Casos de teste sobre a rota /carrinhos da API Serverest Deve listar todos os carrinhos cadastrados",
              "timedOut": null,
              "duration": 324,
              "state": "passed",
              "speed": "fast",
              "pass": true,
              "fail": false,
              "pending": false,
              "context": null,
              "code": "_serverest.default.buscarCarrinhos().then(res => {\n  cy.contractValidation(res, 'get-carrinhos', 200);\n  _validaServerest.default.validarBuscaDeCarrinhos(res);\n});",
              "err": {},
              "uuid": "21ecc9ef-1589-4381-8354-63f2145ee09b",
              "parentUUID": "6d4aa2a5-ed56-4063-9e11-9f0cc4ae590e",
              "isHook": false,
              "skipped": false
            }
          ],
          "suites": [],
          "passes": [
            "21ecc9ef-1589-4381-8354-63f2145ee09b"
          ],
          "failures": [],
          "pending": [],
          "skipped": [],
          "duration": 324,
          "root": false,
          "rootEmpty": false,
          "_timeout": 2000
        },
        {
          "uuid": "1dffc658-1456-430c-b419-8fed3a55a132",
          "title": "Logar com sucesso",
          "fullFile": "",
          "file": "",
          "beforeHooks": [],
          "afterHooks": [],
          "tests": [
            {
              "title": "Deve cadastrar um carrinho com sucesso ",
              "fullTitle": "Logar com sucesso Deve cadastrar um carrinho com sucesso ",
              "timedOut": null,
              "duration": 717,
              "state": "passed",
              "speed": "fast",
              "pass": true,
              "fail": false,
              "pending": false,
              "context": null,
              "code": "_serverest.default.cadastrarCarrinhoComSucesso().then(res => {\n  cy.contractValidation(res, 'post-carrinhos', 201);\n  expect(res.body.message).to.be.equal('Cadastro realizado com sucesso');\n});",
              "err": {},
              "uuid": "dcea021e-2ead-43f2-a56c-cb2066f9de7c",
              "parentUUID": "1dffc658-1456-430c-b419-8fed3a55a132",
              "isHook": false,
              "skipped": false
            },
            {
              "title": "Deve excluir um carrinho com sucesso e concluir compra ",
              "fullTitle": "Logar com sucesso Deve excluir um carrinho com sucesso e concluir compra ",
              "timedOut": null,
              "duration": 639,
              "state": "passed",
              "speed": "fast",
              "pass": true,
              "fail": false,
              "pending": false,
              "context": null,
              "code": "//Codigo desenvolvido com a ajuda do João/Vinicius\n_serverest.default.concluirCompra().then(res => {\n  cy.contractValidation(res, 'delete-carrinhos-concluir-compra', 200);\n  expect(res.body.message).to.be.equal('Registro excluído com sucesso');\n});",
              "err": {},
              "uuid": "f9cdc4b4-d4ac-482f-8b6a-1ca9bb5b136a",
              "parentUUID": "1dffc658-1456-430c-b419-8fed3a55a132",
              "isHook": false,
              "skipped": false
            },
            {
              "title": "Deve excluir um carrinho com sucesso e retornar produto para estoque ",
              "fullTitle": "Logar com sucesso Deve excluir um carrinho com sucesso e retornar produto para estoque ",
              "timedOut": null,
              "duration": 722,
              "state": "passed",
              "speed": "fast",
              "pass": true,
              "fail": false,
              "pending": false,
              "context": null,
              "code": "//Codigo desenvolvido com a ajuda do João/Vinicius\n_serverest.default.cancelarCompra().then(res => {\n  cy.contractValidation(res, 'delete-carrinhos-cancelar-compra', 200);\n  expect(res.body.message).to.be.equal('Não foi encontrado carrinho para esse usuário');\n});",
              "err": {},
              "uuid": "e598a49a-7e79-4c0a-ad0e-681cd9fdef56",
              "parentUUID": "1dffc658-1456-430c-b419-8fed3a55a132",
              "isHook": false,
              "skipped": false
            }
          ],
          "suites": [],
          "passes": [
            "dcea021e-2ead-43f2-a56c-cb2066f9de7c",
            "f9cdc4b4-d4ac-482f-8b6a-1ca9bb5b136a",
            "e598a49a-7e79-4c0a-ad0e-681cd9fdef56"
          ],
          "failures": [],
          "pending": [],
          "skipped": [],
          "duration": 2078,
          "root": false,
          "rootEmpty": false,
          "_timeout": 2000
        }
      ],
      "passes": [],
      "failures": [],
      "pending": [],
      "skipped": [],
      "duration": 0,
      "root": true,
      "rootEmpty": true,
      "_timeout": 2000
    }
  ],
  "meta": {
    "mocha": {
      "version": "7.0.1"
    },
    "mochawesome": {
      "options": {
        "quiet": false,
        "reportFilename": "mochawesome",
        "saveHtml": false,
        "saveJson": true,
        "consoleReporter": "spec",
        "useInlineDiffs": false,
        "code": true
      },
      "version": "7.1.3"
    },
    "marge": {
      "options": {
        "id": "default",
        "reportDir": "cypress/reports/mocha",
        "quite": true,
        "overwrite": false,
        "html": false,
        "json": true
      },
      "version": "6.2.0"
    }
  }
}