{
  "stats": {
    "suites": 1,
    "tests": 5,
    "passes": 5,
    "pending": 0,
    "failures": 0,
    "start": "2022-09-12T13:47:26.662Z",
    "end": "2022-09-12T13:47:28.280Z",
    "duration": 1618,
    "testsRegistered": 5,
    "passPercent": 100,
    "pendingPercent": 0,
    "other": 0,
    "hasOther": false,
    "skipped": 0,
    "hasSkipped": false
  },
  "results": [
    {
      "uuid": "8ae3c99b-7262-4d61-b399-021e42e1df1e",
      "title": "",
      "fullFile": "cypress/integration/1.usuarios.spec.js",
      "file": "cypress/integration/1.usuarios.spec.js",
      "beforeHooks": [],
      "afterHooks": [],
      "tests": [],
      "suites": [
        {
          "uuid": "061462f7-6257-4015-974e-f1c6d7d40a8c",
          "title": "Casos de teste sobre a rota /usuarios da API Serverest",
          "fullFile": "",
          "file": "",
          "beforeHooks": [],
          "afterHooks": [],
          "tests": [
            {
              "title": "Deve buscar todos os usuários cadastrados na Serverest",
              "fullTitle": "Casos de teste sobre a rota /usuarios da API Serverest Deve buscar todos os usuários cadastrados na Serverest",
              "timedOut": null,
              "duration": 573,
              "state": "passed",
              "speed": "fast",
              "pass": true,
              "fail": false,
              "pending": false,
              "context": null,
              "code": "_serverest.default.buscarUsuarios().then(res => {\n  cy.contractValidation(res, 'get-usuarios', 200);\n  _validaServerest.default.validarBuscaDeUsuarios(res);\n});",
              "err": {},
              "uuid": "6303a452-1dc2-4f45-b4d1-0dccc599e481",
              "parentUUID": "061462f7-6257-4015-974e-f1c6d7d40a8c",
              "isHook": false,
              "skipped": false
            },
            {
              "title": "Não deve postar um novo usuários administrador existente",
              "fullTitle": "Casos de teste sobre a rota /usuarios da API Serverest Não deve postar um novo usuários administrador existente",
              "timedOut": null,
              "duration": 248,
              "state": "passed",
              "speed": "fast",
              "pass": true,
              "fail": false,
              "pending": false,
              "context": null,
              "code": "cy.postarUsuarioSemSucesso().then(res => {\n  cy.contractValidation(res, 'post-usuarios', 400);\n  expect(res.body.message).to.be.eq('Este email já está sendo usado');\n});",
              "err": {},
              "uuid": "69d0487e-c2f5-41a1-becd-a7e277534814",
              "parentUUID": "061462f7-6257-4015-974e-f1c6d7d40a8c",
              "isHook": false,
              "skipped": false
            },
            {
              "title": "Deve buscar o usuário de um arquivo json",
              "fullTitle": "Casos de teste sobre a rota /usuarios da API Serverest Deve buscar o usuário de um arquivo json",
              "timedOut": null,
              "duration": 241,
              "state": "passed",
              "speed": "fast",
              "pass": true,
              "fail": false,
              "pending": false,
              "context": null,
              "code": "cy.fixture('usuario.json').then(json => {\n  let usuario = {\n    email: json.email,\n    password: json.password\n  };\n  _serverest.default.logar(usuario).then(res => {\n    _validaServerest.default.validarLoginComSucesso(res);\n    _serverest.default.salvarBearer(res);\n  });\n});",
              "err": {},
              "uuid": "6c2a6311-4cb4-46cd-a0fd-61c2554f5855",
              "parentUUID": "061462f7-6257-4015-974e-f1c6d7d40a8c",
              "isHook": false,
              "skipped": false
            },
            {
              "title": "Deve buscar e salva um usuário em um arquivo json",
              "fullTitle": "Casos de teste sobre a rota /usuarios da API Serverest Deve buscar e salva um usuário em um arquivo json",
              "timedOut": null,
              "duration": 269,
              "state": "passed",
              "speed": "fast",
              "pass": true,
              "fail": false,
              "pending": false,
              "context": null,
              "code": "let inteiro = _factory.default.gerarInteiroAleatorio();\n_serverest.default.buscarUsuarios().then(res => {\n  cy.writeFile('./cypress/fixtures/usuario.json', res.body.usuarios[inteiro]);\n  _validaServerest.default.validarBuscaDeUsuarios(res);\n});",
              "err": {},
              "uuid": "d4ed70fc-945c-4ff3-9f8c-305605743dfa",
              "parentUUID": "061462f7-6257-4015-974e-f1c6d7d40a8c",
              "isHook": false,
              "skipped": false
            },
            {
              "title": "Deve cadastrar um usuário com sucesso",
              "fullTitle": "Casos de teste sobre a rota /usuarios da API Serverest Deve cadastrar um usuário com sucesso",
              "timedOut": null,
              "duration": 242,
              "state": "passed",
              "speed": "fast",
              "pass": true,
              "fail": false,
              "pending": false,
              "context": null,
              "code": "cy.cadastrarUsuarioComSucesso().then(res => {\n  cy.contractValidation(res, 'post-usuarios', 201);\n  expect(res.body.message).to.be.equal('Cadastro realizado com sucesso');\n});",
              "err": {},
              "uuid": "9843d895-a2d9-400b-b5a8-df320c1b1425",
              "parentUUID": "061462f7-6257-4015-974e-f1c6d7d40a8c",
              "isHook": false,
              "skipped": false
            }
          ],
          "suites": [],
          "passes": [
            "6303a452-1dc2-4f45-b4d1-0dccc599e481",
            "69d0487e-c2f5-41a1-becd-a7e277534814",
            "6c2a6311-4cb4-46cd-a0fd-61c2554f5855",
            "d4ed70fc-945c-4ff3-9f8c-305605743dfa",
            "9843d895-a2d9-400b-b5a8-df320c1b1425"
          ],
          "failures": [],
          "pending": [],
          "skipped": [],
          "duration": 1573,
          "root": false,
          "rootEmpty": false,
          "_timeout": 2000
        }
      ],
      "passes": [],
      "failures": [],
      "pending": [],
      "skipped": [],
      "duration": 0,
      "root": true,
      "rootEmpty": true,
      "_timeout": 2000
    }
  ],
  "meta": {
    "mocha": {
      "version": "7.0.1"
    },
    "mochawesome": {
      "options": {
        "quiet": false,
        "reportFilename": "mochawesome",
        "saveHtml": false,
        "saveJson": true,
        "consoleReporter": "spec",
        "useInlineDiffs": false,
        "code": true
      },
      "version": "7.1.3"
    },
    "marge": {
      "options": {
        "id": "default",
        "reportDir": "cypress/reports/mocha",
        "quite": true,
        "overwrite": false,
        "html": false,
        "json": true
      },
      "version": "6.2.0"
    }
  }
}