{
  "stats": {
    "suites": 2,
    "tests": 3,
    "passes": 3,
    "pending": 0,
    "failures": 0,
    "start": "2022-09-12T13:47:40.268Z",
    "end": "2022-09-12T13:47:41.937Z",
    "duration": 1669,
    "testsRegistered": 3,
    "passPercent": 100,
    "pendingPercent": 0,
    "other": 0,
    "hasOther": false,
    "skipped": 0,
    "hasSkipped": false
  },
  "results": [
    {
      "uuid": "8eb63be6-7e24-450f-b77a-9009c2e59453",
      "title": "",
      "fullFile": "cypress/integration/3.produtos.spec.js",
      "file": "cypress/integration/3.produtos.spec.js",
      "beforeHooks": [],
      "afterHooks": [],
      "tests": [],
      "suites": [
        {
          "uuid": "3c6c2264-b313-4f7b-8901-1c84d47f9e59",
          "title": "Casos de teste sobre a rota /produtos da API Serverest",
          "fullFile": "",
          "file": "",
          "beforeHooks": [],
          "afterHooks": [],
          "tests": [
            {
              "title": "Deve buscar todos os produtos cadastrados",
              "fullTitle": "Casos de teste sobre a rota /produtos da API Serverest Deve buscar todos os produtos cadastrados",
              "timedOut": null,
              "duration": 266,
              "state": "passed",
              "speed": "fast",
              "pass": true,
              "fail": false,
              "pending": false,
              "context": null,
              "code": "_serverest.default.buscarProdutos().then(res => {\n  _validaServerest.default.validarBuscaDeProdutos(res);\n});",
              "err": {},
              "uuid": "b287cb49-3b59-4437-9da2-a278ee3ff9f9",
              "parentUUID": "3c6c2264-b313-4f7b-8901-1c84d47f9e59",
              "isHook": false,
              "skipped": false
            }
          ],
          "suites": [
            {
              "uuid": "bb29db86-fff1-4ca2-a192-185543180f2f",
              "title": "Logar com sucesso",
              "fullFile": "",
              "file": "",
              "beforeHooks": [],
              "afterHooks": [],
              "tests": [
                {
                  "title": "Deve postar um novo produto com sucesso",
                  "fullTitle": "Casos de teste sobre a rota /produtos da API Serverest Logar com sucesso Deve postar um novo produto com sucesso",
                  "timedOut": null,
                  "duration": 696,
                  "state": "passed",
                  "speed": "fast",
                  "pass": true,
                  "fail": false,
                  "pending": false,
                  "context": null,
                  "code": "_serverest.default.cadastrarProdutoComSucesso().then(res => {\n  cy.contractValidation(res, 'post-produtos', 201);\n  _validaServerest.default.validarCadastroDeProdutosComSucesso(res);\n});",
                  "err": {},
                  "uuid": "657997dd-f240-46bd-bb22-f4ad93ac7858",
                  "parentUUID": "bb29db86-fff1-4ca2-a192-185543180f2f",
                  "isHook": false,
                  "skipped": false
                },
                {
                  "title": "Deve deletar um produto com sucesso",
                  "fullTitle": "Casos de teste sobre a rota /produtos da API Serverest Logar com sucesso Deve deletar um produto com sucesso",
                  "timedOut": null,
                  "duration": 674,
                  "state": "passed",
                  "speed": "fast",
                  "pass": true,
                  "fail": false,
                  "pending": false,
                  "context": null,
                  "code": "_serverest.default.deletarProdutoCadastrado().then(res => {\n  cy.contractValidation(res, 'delete-produtos-by-id', 200); //ValidaServerest.validarCadastroDeProdutosComSucesso(res)\n  expect(res.body.message).to.be.equal('Registro excluído com sucesso');\n});",
                  "err": {},
                  "uuid": "4bae9418-c1b9-4ed2-9bdb-41ddd4199631",
                  "parentUUID": "bb29db86-fff1-4ca2-a192-185543180f2f",
                  "isHook": false,
                  "skipped": false
                }
              ],
              "suites": [],
              "passes": [
                "657997dd-f240-46bd-bb22-f4ad93ac7858",
                "4bae9418-c1b9-4ed2-9bdb-41ddd4199631"
              ],
              "failures": [],
              "pending": [],
              "skipped": [],
              "duration": 1370,
              "root": false,
              "rootEmpty": false,
              "_timeout": 2000
            }
          ],
          "passes": [
            "b287cb49-3b59-4437-9da2-a278ee3ff9f9"
          ],
          "failures": [],
          "pending": [],
          "skipped": [],
          "duration": 266,
          "root": false,
          "rootEmpty": false,
          "_timeout": 2000
        }
      ],
      "passes": [],
      "failures": [],
      "pending": [],
      "skipped": [],
      "duration": 0,
      "root": true,
      "rootEmpty": true,
      "_timeout": 2000
    }
  ],
  "meta": {
    "mocha": {
      "version": "7.0.1"
    },
    "mochawesome": {
      "options": {
        "quiet": false,
        "reportFilename": "mochawesome",
        "saveHtml": false,
        "saveJson": true,
        "consoleReporter": "spec",
        "useInlineDiffs": false,
        "code": true
      },
      "version": "7.1.3"
    },
    "marge": {
      "options": {
        "id": "default",
        "reportDir": "cypress/reports/mocha",
        "quite": true,
        "overwrite": false,
        "html": false,
        "json": true
      },
      "version": "6.2.0"
    }
  }
}