{
  "stats": {
    "suites": 1,
    "tests": 2,
    "passes": 2,
    "pending": 0,
    "failures": 0,
    "start": "2022-09-13T20:51:41.250Z",
    "end": "2022-09-13T20:51:42.128Z",
    "duration": 878,
    "testsRegistered": 2,
    "passPercent": 100,
    "pendingPercent": 0,
    "other": 0,
    "hasOther": false,
    "skipped": 0,
    "hasSkipped": false
  },
  "results": [
    {
      "uuid": "36c1dfbb-d82a-43fe-bcd6-83c18728957e",
      "title": "",
      "fullFile": "cypress/integration/2.login.spec.js",
      "file": "cypress/integration/2.login.spec.js",
      "beforeHooks": [],
      "afterHooks": [],
      "tests": [],
      "suites": [
        {
          "uuid": "245d44c0-86b0-4d3c-80ec-f6871aa8f49b",
          "title": "Casos de teste sobre a rota /login da API Serverest",
          "fullFile": "",
          "file": "",
          "beforeHooks": [],
          "afterHooks": [],
          "tests": [
            {
              "title": "Deve realizar login com sucesso",
              "fullTitle": "Casos de teste sobre a rota /login da API Serverest Deve realizar login com sucesso",
              "timedOut": null,
              "duration": 616,
              "state": "passed",
              "speed": "fast",
              "pass": true,
              "fail": false,
              "pending": false,
              "context": null,
              "code": "// codigo realizado na call e mentoria\n_serverest.default.buscarUsuarioParaLogin();\ncy.get('@usuarioLogin').then(usuario => {\n  _serverest.default.logar(usuario).then(res => {\n    _validaServerest.default.validarLoginComSucesso(res);\n    cy.contractValidation(res, 'post-login', 200);\n    _serverest.default.salvarBearer(res);\n  });\n});",
              "err": {},
              "uuid": "2c13c279-b570-4b69-89f1-3e8f151d72e1",
              "parentUUID": "245d44c0-86b0-4d3c-80ec-f6871aa8f49b",
              "isHook": false,
              "skipped": false
            },
            {
              "title": "Não deve realizar login com email invalido ",
              "fullTitle": "Casos de teste sobre a rota /login da API Serverest Não deve realizar login com email invalido ",
              "timedOut": null,
              "duration": 232,
              "state": "passed",
              "speed": "fast",
              "pass": true,
              "fail": false,
              "pending": false,
              "context": null,
              "code": "//eu\ncy.logarEmailInvalido().then(res => {\n  cy.contractValidation(res, 'post-login', 400); // aqui tem bug na documentação esta 400, porem retorna um 401\n  _validaServerest.default.validarLoginComEmailsInvalido(res);\n});",
              "err": {},
              "uuid": "e5af5ceb-a808-4816-bb9e-fa811beaee7e",
              "parentUUID": "245d44c0-86b0-4d3c-80ec-f6871aa8f49b",
              "isHook": false,
              "skipped": false
            }
          ],
          "suites": [],
          "passes": [
            "2c13c279-b570-4b69-89f1-3e8f151d72e1",
            "e5af5ceb-a808-4816-bb9e-fa811beaee7e"
          ],
          "failures": [],
          "pending": [],
          "skipped": [],
          "duration": 848,
          "root": false,
          "rootEmpty": false,
          "_timeout": 2000
        }
      ],
      "passes": [],
      "failures": [],
      "pending": [],
      "skipped": [],
      "duration": 0,
      "root": true,
      "rootEmpty": true,
      "_timeout": 2000
    }
  ],
  "meta": {
    "mocha": {
      "version": "7.0.1"
    },
    "mochawesome": {
      "options": {
        "quiet": false,
        "reportFilename": "mochawesome",
        "saveHtml": false,
        "saveJson": true,
        "consoleReporter": "spec",
        "useInlineDiffs": false,
        "code": true
      },
      "version": "7.1.3"
    },
    "marge": {
      "options": {
        "id": "default",
        "reportDir": "cypress/reports/mocha",
        "quite": true,
        "overwrite": false,
        "html": false,
        "json": true
      },
      "version": "6.2.0"
    }
  }
}